<?xml version="1.0" encoding="UTF-8"?>
<!-- Generated by org.testng.reporters.JUnitReportReporter -->
<testsuite hostname="DESKTOP-IT8112N" failures="0" tests="1" name="NewTest" time="0.014" errors="0" timestamp="2022-07-21T12:31:49 IST" skipped="0">
  <testcase classname="NewTest" name="f" time="0.014"/>
  <system-out/>
</testsuite> <!-- NewTest -->
