<?xml version="1.0" encoding="UTF-8"?>
<!-- Generated by org.testng.reporters.JUnitReportReporter -->
<testsuite hostname="DESKTOP-IT8112N" failures="0" tests="2" name="runnerfile.Testrunnerfile" time="39.252" errors="0" timestamp="2022-07-21T14:33:44 IST" skipped="0">
  <testcase classname="runnerfile.Testrunnerfile" name="runScenario" time="19.402"/>
  <system-out/>
  <testcase classname="runnerfile.Testrunnerfile" name="runScenario" time="19.850"/>
  <system-out/>
</testsuite> <!-- runnerfile.Testrunnerfile -->
